0 info it worked if it ends with ok
1 verbose cli [ '/usr/local/bin/node', '/usr/local/bin/npm', 'run', 'build:js' ]
2 info using npm@3.8.6
3 info using node@v6.0.0
4 verbose run-script [ 'prebuild:js', 'build:js', 'postbuild:js' ]
5 info lifecycle wicker@1.0.0~prebuild:js: wicker@1.0.0
6 silly lifecycle wicker@1.0.0~prebuild:js: no script for prebuild:js, continuing
7 info lifecycle wicker@1.0.0~build:js: wicker@1.0.0
8 verbose lifecycle wicker@1.0.0~build:js: unsafe-perm in lifecycle true
9 verbose lifecycle wicker@1.0.0~build:js: PATH: /usr/local/lib/node_modules/npm/bin/node-gyp-bin:/home/ijunaidfarooq/wicker/node_modules/.bin:/usr/local/bin:/usr/local/lib/node_modules/npm/bin/node-gyp-bin:/home/ijunaidfarooq/wicker/node_modules/.bin:/usr/local/bin:/home/ijunaidfarooq/.asdf/bin:/home/ijunaidfarooq/.asdf/shims:/usr/local/heroku/bin:/home/ijunaidfarooq/.rvm/gems/ruby-2.3.1/bin:/home/ijunaidfarooq/.rvm/gems/ruby-2.3.1@global/bin:/home/ijunaidfarooq/.rvm/rubies/ruby-2.3.1/bin:/usr/local/sbin:/usr/local/bin:/usr/sbin:/usr/bin:/sbin:/bin:/usr/games:/usr/local/games:/home/ijunaidfarooq/.rvm/bin:/home/ijunaidfarooq/.rvm/bin:/home/ijunaidfarooq/.rvm/bin
10 verbose lifecycle wicker@1.0.0~build:js: CWD: /home/ijunaidfarooq/wicker
11 silly lifecycle wicker@1.0.0~build:js: Args: [ '-c',
11 silly lifecycle   'browserify ./src/app.js -t [ babelify ] --outfile public/all.js' ]
12 silly lifecycle wicker@1.0.0~build:js: Returned: code: 1  signal: null
13 info lifecycle wicker@1.0.0~build:js: Failed to exec build:js script
14 verbose stack Error: wicker@1.0.0 build:js: `browserify ./src/app.js -t [ babelify ] --outfile public/all.js`
14 verbose stack Exit status 1
14 verbose stack     at EventEmitter.<anonymous> (/usr/local/lib/node_modules/npm/lib/utils/lifecycle.js:239:16)
14 verbose stack     at emitTwo (events.js:106:13)
14 verbose stack     at EventEmitter.emit (events.js:191:7)
14 verbose stack     at ChildProcess.<anonymous> (/usr/local/lib/node_modules/npm/lib/utils/spawn.js:24:14)
14 verbose stack     at emitTwo (events.js:106:13)
14 verbose stack     at ChildProcess.emit (events.js:191:7)
14 verbose stack     at maybeClose (internal/child_process.js:850:16)
14 verbose stack     at Process.ChildProcess._handle.onexit (internal/child_process.js:215:5)
15 verbose pkgid wicker@1.0.0
16 verbose cwd /home/ijunaidfarooq/wicker
17 error Linux 4.2.0-42-generic
18 error argv "/usr/local/bin/node" "/usr/local/bin/npm" "run" "build:js"
19 error node v6.0.0
20 error npm  v3.8.6
21 error code ELIFECYCLE
22 error wicker@1.0.0 build:js: `browserify ./src/app.js -t [ babelify ] --outfile public/all.js`
22 error Exit status 1
23 error Failed at the wicker@1.0.0 build:js script 'browserify ./src/app.js -t [ babelify ] --outfile public/all.js'.
23 error Make sure you have the latest version of node.js and npm installed.
23 error If you do, this is most likely a problem with the wicker package,
23 error not with npm itself.
23 error Tell the author that this fails on your system:
23 error     browserify ./src/app.js -t [ babelify ] --outfile public/all.js
23 error You can get information on how to open an issue for this project with:
23 error     npm bugs wicker
23 error Or if that isn't available, you can get their info via:
23 error     npm owner ls wicker
23 error There is likely additional logging output above.
24 verbose exit [ 1, true ]
